[1m@storybook/core v8.5.8
[22m
info => Cleaning outputDir: [36m../../../../../var/folders/y_/wknbmyms1y1d8f4y1shnk7780000gn/T/chromatic--359-QMV5SENH9kfx[39m
info => Loading presets
info => Building manager..
WARN unable to find package.json for @chromatic-com/shared-e2e
WARN unable to find package.json for @rrweb/types
WARN unable to find package.json for @storybook/types
WARN unable to find package.json for express
WARN unable to find package.json for playwright
WARN unable to find package.json for playwright-core
info => Manager built ([38;2;181;126;229m74 ms[39m)
info => Building preview..
info Addon-docs: using MDX3
info => Using implicit CSS loaders
info => Using default Webpack5 setup
info => Copying static files: [36mtest-results/chromatic-archives/archive[39m at [36m../../../../../var/folders/y_/wknbmyms1y1d8f4y1shnk7780000gn/T/chromatic--359-QMV5SENH9kfx[39m
WARN asset size limit: The following asset(s) exceed the recommended size limit (244 KiB).
WARN This can impact web performance.
WARN Assets: 
WARN   940.cd09b257.iframe.bundle.js (1.38 MiB)
info => Preview built ([38;2;181;126;229m2.61 s[39m)
info => Output directory: /var/folders/y_/wknbmyms1y1d8f4y1shnk7780000gn/T/chromatic--359-QMV5SENH9kfx
